<?xml version="1.0" encoding="UTF-8"?>
<Site BuildName="Linux-g++"
	BuildStamp="20250218-1629-Experimental"
	Name="gkonto"
	Generator="ctest-3.22.1"
	CompilerName="/usr/bin/g++"
	CompilerVersion="11.4.0"
	OSName="Linux"
	Hostname="gkonto"
	OSRelease="5.15.167.4-microsoft-standard-WSL2"
	OSVersion="#1 SMP Tue Nov 5 00:21:55 UTC 2024"
	OSPlatform="x86_64"
	Is64Bits="1"
	VendorString="GenuineIntel"
	VendorID="Intel Corporation"
	FamilyID="6"
	ModelID="142"
	ProcessorCacheSize="8192"
	NumberOfLogicalCPU="8"
	NumberOfPhysicalCPU="4"
	TotalVirtualMemory="2048"
	TotalPhysicalMemory="7862"
	LogicalProcessorsPerPhysical="2"
	ProcessorClockFrequency="2303.76"
	>
	<Testing>
		<StartDateTime>Feb 18 18:29 EET</StartDateTime>
		<StartTestTime>1739896145</StartTestTime>
		<TestList/>
		<EndDateTime>Feb 18 18:29 EET</EndDateTime>
		<EndTestTime>1739896145</EndTestTime>
		<ElapsedMinutes>0</ElapsedMinutes>
	</Testing>
</Site>
